[0212/191333.768:ERROR:exception_handler_server.cc(527)] ConnectNamedPipe: The pipe is being closed. (0xE8)
[0326/165445.384:ERROR:process_reader_win.cc(151)] SuspendThread: Accès refusé. (0x5)
[0326/165445.615:ERROR:process_reader_win.cc(151)] SuspendThread: Accès refusé. (0x5)
[0326/165445.615:ERROR:process_reader_win.cc(151)] SuspendThread: Accès refusé. (0x5)
[0326/165445.615:ERROR:process_reader_win.cc(151)] SuspendThread: Accès refusé. (0x5)
[0326/165445.615:ERROR:process_reader_win.cc(151)] SuspendThread: Accès refusé. (0x5)
[0326/165445.615:ERROR:process_reader_win.cc(151)] SuspendThread: Accès refusé. (0x5)
[0326/165445.615:ERROR:process_reader_win.cc(151)] SuspendThread: Accès refusé. (0x5)
[0326/165445.615:ERROR:process_reader_win.cc(151)] SuspendThread: Accès refusé. (0x5)
[0326/165445.630:ERROR:process_reader_win.cc(151)] SuspendThread: Accès refusé. (0x5)
[0326/165451.677:ERROR:process_reader_win.cc(151)] SuspendThread: Accès refusé. (0x5)
[0326/180607.202:ERROR:process_reader_win.cc(151)] SuspendThread: Accès refusé. (0x5)
[0326/180608.093:ERROR:process_reader_win.cc(151)] SuspendThread: Accès refusé. (0x5)
[0326/180609.847:ERROR:process_reader_win.cc(151)] SuspendThread: Accès refusé. (0x5)
[0326/180610.137:ERROR:process_reader_win.cc(151)] SuspendThread: Accès refusé. (0x5)
[0326/180611.888:ERROR:process_reader_win.cc(151)] SuspendThread: Accès refusé. (0x5)
[0326/180611.888:ERROR:process_reader_win.cc(151)] SuspendThread: Accès refusé. (0x5)
[0326/180612.205:ERROR:process_reader_win.cc(151)] SuspendThread: Accès refusé. (0x5)
[0326/180612.667:ERROR:process_reader_win.cc(151)] SuspendThread: Accès refusé. (0x5)
[0326/180612.668:ERROR:process_reader_win.cc(151)] SuspendThread: Accès refusé. (0x5)
[0326/180613.015:ERROR:process_reader_win.cc(151)] SuspendThread: Accès refusé. (0x5)
[0326/180613.015:ERROR:process_reader_win.cc(151)] SuspendThread: Accès refusé. (0x5)
[0326/180613.015:ERROR:process_reader_win.cc(151)] SuspendThread: Accès refusé. (0x5)
[0326/180613.015:ERROR:process_reader_win.cc(151)] SuspendThread: Accès refusé. (0x5)
[0326/180613.015:ERROR:process_reader_win.cc(151)] SuspendThread: Accès refusé. (0x5)
[0326/180613.015:ERROR:process_reader_win.cc(151)] SuspendThread: Accès refusé. (0x5)
[0326/180613.015:ERROR:process_reader_win.cc(151)] SuspendThread: Accès refusé. (0x5)
[0326/180613.015:ERROR:process_reader_win.cc(151)] SuspendThread: Accès refusé. (0x5)
[0326/180613.015:ERROR:process_reader_win.cc(151)] SuspendThread: Accès refusé. (0x5)
[0326/180613.015:ERROR:process_reader_win.cc(151)] SuspendThread: Accès refusé. (0x5)
[0326/180613.015:ERROR:process_reader_win.cc(151)] SuspendThread: Accès refusé. (0x5)
[0326/180613.015:ERROR:process_reader_win.cc(151)] SuspendThread: Accès refusé. (0x5)
[0326/180613.015:ERROR:process_reader_win.cc(151)] SuspendThread: Accès refusé. (0x5)
[0326/180613.015:ERROR:process_reader_win.cc(151)] SuspendThread: Accès refusé. (0x5)
[0326/180613.915:ERROR:process_reader_win.cc(151)] SuspendThread: Accès refusé. (0x5)
[0326/180614.335:ERROR:process_reader_win.cc(151)] SuspendThread: Accès refusé. (0x5)
[0327/171634.431:ERROR:process_reader_win.cc(151)] SuspendThread: Accès refusé. (0x5)
[0327/171636.052:ERROR:process_reader_win.cc(151)] SuspendThread: Accès refusé. (0x5)
[0327/171636.053:ERROR:process_reader_win.cc(151)] SuspendThread: Accès refusé. (0x5)
[0327/171636.053:ERROR:process_reader_win.cc(151)] SuspendThread: Accès refusé. (0x5)
[0327/224130.182:ERROR:process_reader_win.cc(151)] SuspendThread: Accès refusé. (0x5)
[0327/224130.291:ERROR:process_reader_win.cc(151)] SuspendThread: Accès refusé. (0x5)
[0327/224130.291:ERROR:process_reader_win.cc(151)] SuspendThread: Accès refusé. (0x5)
[0327/224130.291:ERROR:process_reader_win.cc(151)] SuspendThread: Accès refusé. (0x5)
[0327/234554.934:ERROR:process_reader_win.cc(151)] SuspendThread: Accès refusé. (0x5)
[0327/234554.970:ERROR:process_reader_win.cc(151)] SuspendThread: Accès refusé. (0x5)
[0327/234554.971:ERROR:process_reader_win.cc(151)] SuspendThread: Accès refusé. (0x5)
[0327/234554.971:ERROR:process_reader_win.cc(151)] SuspendThread: Accès refusé. (0x5)
[0327/234554.971:ERROR:process_reader_win.cc(151)] SuspendThread: Accès refusé. (0x5)
[0327/234554.971:ERROR:process_reader_win.cc(151)] SuspendThread: Accès refusé. (0x5)
[0327/234554.971:ERROR:process_reader_win.cc(151)] SuspendThread: Accès refusé. (0x5)
[0327/234554.971:ERROR:process_reader_win.cc(151)] SuspendThread: Accès refusé. (0x5)
[0327/234554.972:ERROR:process_reader_win.cc(151)] SuspendThread: Accès refusé. (0x5)
[0327/234554.972:ERROR:process_reader_win.cc(151)] SuspendThread: Accès refusé. (0x5)
[0327/234554.972:ERROR:process_reader_win.cc(151)] SuspendThread: Accès refusé. (0x5)
[0327/234554.972:ERROR:process_reader_win.cc(151)] SuspendThread: Accès refusé. (0x5)
<<<<<<< HEAD
[0328/014100.528:ERROR:crash_report_database_win.cc(580)] CreateDirectory C:\Users\Djaffar\AppData\Local\Temp\karma-83183875\Crashpad: Le chemin d’accès spécifié est introuvable. (0x3)
[0328/014100.843:ERROR:registration_protocol_win.cc(84)] TransactNamedPipe: Le canal de communication a été fermé. (0x6D)
[0328/014101.281:ERROR:crash_report_database_win.cc(580)] CreateDirectory C:\Users\Djaffar\AppData\Local\Temp\karma-83183875\Crashpad: Le chemin d’accès spécifié est introuvable. (0x3)
[0328/170250.150:ERROR:process_reader_win.cc(151)] SuspendThread: Accès refusé. (0x5)
[0328/170250.619:ERROR:process_reader_win.cc(151)] SuspendThread: Accès refusé. (0x5)
[0328/170250.619:ERROR:process_reader_win.cc(151)] SuspendThread: Accès refusé. (0x5)
[0328/170250.619:ERROR:process_reader_win.cc(151)] SuspendThread: Accès refusé. (0x5)
[0328/170250.619:ERROR:process_reader_win.cc(151)] SuspendThread: Accès refusé. (0x5)
[0328/170250.619:ERROR:process_reader_win.cc(151)] SuspendThread: Accès refusé. (0x5)
[0328/170250.619:ERROR:process_reader_win.cc(151)] SuspendThread: Accès refusé. (0x5)
[0328/170250.619:ERROR:process_reader_win.cc(151)] SuspendThread: Accès refusé. (0x5)
[0328/170250.619:ERROR:process_reader_win.cc(151)] SuspendThread: Accès refusé. (0x5)
[0328/170250.619:ERROR:process_reader_win.cc(151)] SuspendThread: Accès refusé. (0x5)
[0328/170310.056:ERROR:process_reader_win.cc(151)] SuspendThread: Accès refusé. (0x5)
[0328/170310.056:ERROR:process_reader_win.cc(151)] SuspendThread: Accès refusé. (0x5)
[0328/170310.056:ERROR:process_reader_win.cc(151)] SuspendThread: Accès refusé. (0x5)
[0328/170310.056:ERROR:process_reader_win.cc(151)] SuspendThread: Accès refusé. (0x5)
[0329/201111.183:ERROR:process_reader_win.cc(151)] SuspendThread: Accès refusé. (0x5)
=======
>>>>>>> d2d5a1665dfc847cb61a60b1f85b4d8037b67f6b
[0330/135709.415:ERROR:process_reader_win.cc(151)] SuspendThread: Accès refusé. (0x5)
[0330/135709.417:ERROR:process_reader_win.cc(151)] SuspendThread: Accès refusé. (0x5)
[0330/135709.417:ERROR:process_reader_win.cc(151)] SuspendThread: Accès refusé. (0x5)
[0330/135709.417:ERROR:process_reader_win.cc(151)] SuspendThread: Accès refusé. (0x5)
[0330/135709.417:ERROR:process_reader_win.cc(151)] SuspendThread: Accès refusé. (0x5)
[0330/135709.417:ERROR:process_reader_win.cc(151)] SuspendThread: Accès refusé. (0x5)
[0330/135709.417:ERROR:process_reader_win.cc(151)] SuspendThread: Accès refusé. (0x5)
[0330/135709.417:ERROR:process_reader_win.cc(151)] SuspendThread: Accès refusé. (0x5)
[0330/135709.417:ERROR:process_reader_win.cc(151)] SuspendThread: Accès refusé. (0x5)
[0330/135709.688:ERROR:process_reader_win.cc(151)] SuspendThread: Accès refusé. (0x5)
[0330/135709.688:ERROR:process_reader_win.cc(151)] SuspendThread: Accès refusé. (0x5)
[0401/095600.418:ERROR:process_reader_win.cc(151)] SuspendThread: Accès refusé. (0x5)
[0401/095600.433:ERROR:process_reader_win.cc(151)] SuspendThread: Accès refusé. (0x5)
[0401/132737.158:ERROR:process_reader_win.cc(151)] SuspendThread: Accès refusé. (0x5)
[0401/134344.205:ERROR:process_reader_win.cc(151)] SuspendThread: Accès refusé. (0x5)
[0402/212914.955:ERROR:process_reader_win.cc(151)] SuspendThread: Accès refusé. (0x5)
[0403/154704.539:ERROR:process_reader_win.cc(151)] SuspendThread: Accès refusé. (0x5)
[0403/154704.541:ERROR:process_reader_win.cc(151)] SuspendThread: Accès refusé. (0x5)
[0403/154704.542:ERROR:process_reader_win.cc(151)] SuspendThread: Accès refusé. (0x5)
[0403/154704.542:ERROR:process_reader_win.cc(151)] SuspendThread: Accès refusé. (0x5)
[0403/154704.542:ERROR:process_reader_win.cc(151)] SuspendThread: Accès refusé. (0x5)
[0403/154704.542:ERROR:process_reader_win.cc(151)] SuspendThread: Accès refusé. (0x5)
[0403/154704.542:ERROR:process_reader_win.cc(151)] SuspendThread: Accès refusé. (0x5)
[0403/154704.542:ERROR:process_reader_win.cc(151)] SuspendThread: Accès refusé. (0x5)
[0403/154704.542:ERROR:process_reader_win.cc(151)] SuspendThread: Accès refusé. (0x5)
[0403/154704.542:ERROR:process_reader_win.cc(151)] SuspendThread: Accès refusé. (0x5)
[0403/154704.812:ERROR:process_reader_win.cc(151)] SuspendThread: Accès refusé. (0x5)
[0403/221848.914:ERROR:process_reader_win.cc(151)] SuspendThread: Accès refusé. (0x5)
[0403/221848.978:ERROR:process_reader_win.cc(151)] SuspendThread: Accès refusé. (0x5)
[0403/221849.199:ERROR:process_reader_win.cc(151)] SuspendThread: Accès refusé. (0x5)
[0403/221849.200:ERROR:process_reader_win.cc(151)] SuspendThread: Accès refusé. (0x5)
[0403/221849.416:ERROR:process_reader_win.cc(151)] SuspendThread: Accès refusé. (0x5)
[0414/173411.490:ERROR:process_memory_win.cc(73)] ReadMemory at 0x14b8e69cb10 of 72 bytes failed: Only part of a ReadProcessMemory or WriteProcessMemory request was completed. (0x12B)
[0414/173411.491:WARNING:pe_image_annotations_reader.cc(134)] could not read annotations list object in C:\Program Files (x86)\Google\Chrome\Application\81.0.4044.92\chrome_elf.dll
[0414/173411.491:ERROR:process_memory_win.cc(73)] ReadMemory at 0x7ffeeef30000 of 64 bytes failed: Only part of a ReadProcessMemory or WriteProcessMemory request was completed. (0x12B)
[0414/173411.491:WARNING:pe_image_reader.cc(340)] could not read dos header from C:\Program Files (x86)\Google\Chrome\Application\81.0.4044.92\chrome.dll
[0414/173411.491:ERROR:process_memory_win.cc(73)] ReadMemory at 0x14b8e5f0000 of 64 bytes failed: Only part of a ReadProcessMemory or WriteProcessMemory request was completed. (0x12B)
[0414/173411.491:WARNING:pe_image_reader.cc(340)] could not read dos header from C:\windows\System32\WS2_32.dll
[0414/173411.492:ERROR:process_memory_win.cc(73)] ReadMemory at 0x7ff7a49a0000 of 64 bytes failed: Only part of a ReadProcessMemory or WriteProcessMemory request was completed. (0x12B)
[0414/173411.492:WARNING:pe_image_reader.cc(340)] could not read dos header from C:\Program Files (x86)\Google\Chrome\Application\chrome.exe
[0414/173411.492:ERROR:process_memory_win.cc(73)] ReadMemory at 0x14b8e69cb10 of 72 bytes failed: Only part of a ReadProcessMemory or WriteProcessMemory request was completed. (0x12B)
[0414/173411.492:WARNING:pe_image_annotations_reader.cc(134)] could not read annotations list object in C:\Program Files (x86)\Google\Chrome\Application\81.0.4044.92\chrome_elf.dll
[0414/173411.492:ERROR:process_memory_win.cc(73)] ReadMemory at 0x7ffeeef30000 of 64 bytes failed: Only part of a ReadProcessMemory or WriteProcessMemory request was completed. (0x12B)
[0414/173411.492:WARNING:pe_image_reader.cc(340)] could not read dos header from C:\Program Files (x86)\Google\Chrome\Application\81.0.4044.92\chrome.dll
[0414/173411.492:ERROR:process_memory_win.cc(73)] ReadMemory at 0x14b8e5f0000 of 64 bytes failed: Only part of a ReadProcessMemory or WriteProcessMemory request was completed. (0x12B)
[0414/173411.492:WARNING:pe_image_reader.cc(340)] could not read dos header from C:\windows\System32\WS2_32.dll
[0414/173411.497:ERROR:process_memory_win.cc(73)] ReadMemory at 0x2c1e700000 of 1048576 bytes failed: Only part of a ReadProcessMemory or WriteProcessMemory request was completed. (0x12B)
[0414/173411.498:ERROR:process_memory_win.cc(73)] ReadMemory at 0x2c16ecf000 of 852 bytes failed: Only part of a ReadProcessMemory or WriteProcessMemory request was completed. (0x12B)
[0414/173411.498:ERROR:process_memory_win.cc(73)] ReadMemory at 0x2c16eee000 of 6024 bytes failed: Only part of a ReadProcessMemory or WriteProcessMemory request was completed. (0x12B)
[0414/173411.498:ERROR:process_memory_win.cc(73)] ReadMemory at 0x14b8e330fe0 of 22782 bytes failed: Only part of a ReadProcessMemory or WriteProcessMemory request was completed. (0x12B)
[0414/173411.498:ERROR:process_memory_win.cc(73)] ReadMemory at 0x14b8e3368f0 of 1012 bytes failed: Only part of a ReadProcessMemory or WriteProcessMemory request was completed. (0x12B)
[0414/173411.498:ERROR:process_memory_win.cc(73)] ReadMemory at 0x14b8e336f38 of 118 bytes failed: Only part of a ReadProcessMemory or WriteProcessMemory request was completed. (0x12B)
[0414/173411.498:ERROR:process_memory_win.cc(73)] ReadMemory at 0x14b8e336fb0 of 966 bytes failed: Only part of a ReadProcessMemory or WriteProcessMemory request was completed. (0x12B)
[0414/173411.498:ERROR:process_memory_win.cc(73)] ReadMemory at 0x14b8e337378 of 118 bytes failed: Only part of a ReadProcessMemory or WriteProcessMemory request was completed. (0x12B)
[0414/173411.498:ERROR:process_memory_win.cc(73)] ReadMemory at 0x14b8e3373f0 of 94 bytes failed: Only part of a ReadProcessMemory or WriteProcessMemory request was completed. (0x12B)
[0414/173411.499:ERROR:process_memory_win.cc(73)] ReadMemory at 0x14b8e337460 of 58 bytes failed: Only part of a ReadProcessMemory or WriteProcessMemory request was completed. (0x12B)
[0414/173411.499:ERROR:process_memory_win.cc(73)] ReadMemory at 0x14b8e337560 of 132 bytes failed: Only part of a ReadProcessMemory or WriteProcessMemory request was completed. (0x12B)
[0414/173411.499:ERROR:process_memory_win.cc(73)] ReadMemory at 0x14b8e3376f0 of 132 bytes failed: Only part of a ReadProcessMemory or WriteProcessMemory request was completed. (0x12B)
[0414/173411.499:ERROR:process_memory_win.cc(73)] ReadMemory at 0x14b8e3378b0 of 124 bytes failed: Only part of a ReadProcessMemory or WriteProcessMemory request was completed. (0x12B)
[0414/173411.499:ERROR:process_memory_win.cc(73)] ReadMemory at 0x14b8e337c90 of 132 bytes failed: Only part of a ReadProcessMemory or WriteProcessMemory request was completed. (0x12B)
[0414/173411.499:ERROR:process_memory_win.cc(73)] ReadMemory at 0x14b8e337e20 of 64 bytes failed: Only part of a ReadProcessMemory or WriteProcessMemory request was completed. (0x12B)
[0414/173411.499:ERROR:process_memory_win.cc(73)] ReadMemory at 0x14b8e337fe0 of 132 bytes failed: Only part of a ReadProcessMemory or WriteProcessMemory request was completed. (0x12B)
[0414/173411.499:ERROR:process_memory_win.cc(73)] ReadMemory at 0x14b8e338280 of 132 bytes failed: Only part of a ReadProcessMemory or WriteProcessMemory request was completed. (0x12B)
[0414/173411.499:ERROR:process_memory_win.cc(73)] ReadMemory at 0x14b8e338410 of 68 bytes failed: Only part of a ReadProcessMemory or WriteProcessMemory request was completed. (0x12B)
[0414/173411.499:ERROR:process_memory_win.cc(73)] ReadMemory at 0x14b8e339540 of 132 bytes failed: Only part of a ReadProcessMemory or WriteProcessMemory request was completed. (0x12B)
[0414/173411.499:ERROR:process_memory_win.cc(73)] ReadMemory at 0x14b8e3396d0 of 152 bytes failed: Only part of a ReadProcessMemory or WriteProcessMemory request was completed. (0x12B)
[0414/173411.499:ERROR:process_memory_win.cc(73)] ReadMemory at 0x14b8e33a560 of 62 bytes failed: Only part of a ReadProcessMemory or WriteProcessMemory request was completed. (0x12B)
[0414/173411.499:ERROR:process_memory_win.cc(73)] ReadMemory at 0x14b8e33a5e0 of 144 bytes failed: Only part of a ReadProcessMemory or WriteProcessMemory request was completed. (0x12B)
[0414/173411.499:ERROR:process_memory_win.cc(73)] ReadMemory at 0x14b8e33a6c0 of 132 bytes failed: Only part of a ReadProcessMemory or WriteProcessMemory request was completed. (0x12B)
[0414/173411.499:ERROR:process_memory_win.cc(73)] ReadMemory at 0x14b8e33a850 of 60 bytes failed: Only part of a ReadProcessMemory or WriteProcessMemory request was completed. (0x12B)
[0414/173411.499:ERROR:process_memory_win.cc(73)] ReadMemory at 0x14b8e33b27a of 512 bytes failed: Only part of a ReadProcessMemory or WriteProcessMemory request was completed. (0x12B)
[0414/173411.499:ERROR:process_memory_win.cc(73)] ReadMemory at 0x14b8e33bf80 of 132 bytes failed: Only part of a ReadProcessMemory or WriteProcessMemory request was completed. (0x12B)
[0414/173411.499:ERROR:process_memory_win.cc(73)] ReadMemory at 0x14b8e33c2e0 of 132 bytes failed: Only part of a ReadProcessMemory or WriteProcessMemory request was completed. (0x12B)
[0414/173411.499:ERROR:process_memory_win.cc(73)] ReadMemory at 0x14b8e33c4f0 of 132 bytes failed: Only part of a ReadProcessMemory or WriteProcessMemory request was completed. (0x12B)
[0414/173411.499:ERROR:process_memory_win.cc(73)] ReadMemory at 0x14b8e33ef00 of 132 bytes failed: Only part of a ReadProcessMemory or WriteProcessMemory request was completed. (0x12B)
[0414/173411.499:ERROR:process_memory_win.cc(73)] ReadMemory at 0x14b8e33f0d0 of 132 bytes failed: Only part of a ReadProcessMemory or WriteProcessMemory request was completed. (0x12B)
[0414/173411.499:ERROR:process_memory_win.cc(73)] ReadMemory at 0x14b8e33f250 of 80 bytes failed: Only part of a ReadProcessMemory or WriteProcessMemory request was completed. (0x12B)
[0414/173411.499:ERROR:process_memory_win.cc(73)] ReadMemory at 0x14b8e340610 of 54 bytes failed: Only part of a ReadProcessMemory or WriteProcessMemory request was completed. (0x12B)
[0414/173411.499:ERROR:process_memory_win.cc(73)] ReadMemory at 0x14b8e340fb0 of 80 bytes failed: Only part of a ReadProcessMemory or WriteProcessMemory request was completed. (0x12B)
[0414/173411.500:ERROR:process_memory_win.cc(73)] ReadMemory at 0x14b8e3411f0 of 76 bytes failed: Only part of a ReadProcessMemory or WriteProcessMemory request was completed. (0x12B)
[0414/173411.500:ERROR:process_memory_win.cc(73)] ReadMemory at 0x14b8e343650 of 132 bytes failed: Only part of a ReadProcessMemory or WriteProcessMemory request was completed. (0x12B)
[0414/173411.500:ERROR:process_memory_win.cc(73)] ReadMemory at 0x14b8e3439a0 of 132 bytes failed: Only part of a ReadProcessMemory or WriteProcessMemory request was completed. (0x12B)
[0414/173411.500:ERROR:process_memory_win.cc(73)] ReadMemory at 0x14b8e343ad0 of 132 bytes failed: Only part of a ReadProcessMemory or WriteProcessMemory request was completed. (0x12B)
[0414/173411.500:ERROR:process_memory_win.cc(73)] ReadMemory at 0x14b8e343d50 of 64 bytes failed: Only part of a ReadProcessMemory or WriteProcessMemory request was completed. (0x12B)
[0414/173411.500:ERROR:process_memory_win.cc(73)] ReadMemory at 0x14b8e343da0 of 64 bytes failed: Only part of a ReadProcessMemory or WriteProcessMemory request was completed. (0x12B)
[0414/173411.500:ERROR:process_memory_win.cc(73)] ReadMemory at 0x14b8e343df0 of 62 bytes failed: Only part of a ReadProcessMemory or WriteProcessMemory request was completed. (0x12B)
[0414/173411.500:ERROR:process_memory_win.cc(73)] ReadMemory at 0x14b8e343e90 of 60 bytes failed: Only part of a ReadProcessMemory or WriteProcessMemory request was completed. (0x12B)
[0414/173411.500:ERROR:process_memory_win.cc(73)] ReadMemory at 0x14b8e343ee0 of 64 bytes failed: Only part of a ReadProcessMemory or WriteProcessMemory request was completed. (0x12B)
[0414/173411.500:ERROR:process_memory_win.cc(73)] ReadMemory at 0x14b8e343f80 of 62 bytes failed: Only part of a ReadProcessMemory or WriteProcessMemory request was completed. (0x12B)
[0414/173411.500:ERROR:process_memory_win.cc(73)] ReadMemory at 0x14b8e344020 of 62 bytes failed: Only part of a ReadProcessMemory or WriteProcessMemory request was completed. (0x12B)
[0414/173411.500:ERROR:process_memory_win.cc(73)] ReadMemory at 0x14b8e3440c0 of 64 bytes failed: Only part of a ReadProcessMemory or WriteProcessMemory request was completed. (0x12B)
[0414/173411.500:ERROR:process_memory_win.cc(73)] ReadMemory at 0x14b8e344160 of 62 bytes failed: Only part of a ReadProcessMemory or WriteProcessMemory request was completed. (0x12B)
[0414/173411.500:ERROR:process_memory_win.cc(73)] ReadMemory at 0x14b8e3441b0 of 60 bytes failed: Only part of a ReadProcessMemory or WriteProcessMemory request was completed. (0x12B)
[0414/173411.500:ERROR:process_memory_win.cc(73)] ReadMemory at 0x14b8e344200 of 64 bytes failed: Only part of a ReadProcessMemory or WriteProcessMemory request was completed. (0x12B)
[0414/173411.500:ERROR:process_memory_win.cc(73)] ReadMemory at 0x14b8e344250 of 62 bytes failed: Only part of a ReadProcessMemory or WriteProcessMemory request was completed. (0x12B)
[0414/173411.500:ERROR:process_memory_win.cc(73)] ReadMemory at 0x14b8e3442f0 of 62 bytes failed: Only part of a ReadProcessMemory or WriteProcessMemory request was completed. (0x12B)
[0414/173411.500:ERROR:process_memory_win.cc(73)] ReadMemory at 0x14b8e3444d0 of 66 bytes failed: Only part of a ReadProcessMemory or WriteProcessMemory request was completed. (0x12B)
[0414/173411.500:ERROR:process_memory_win.cc(73)] ReadMemory at 0x14b8e344520 of 62 bytes failed: Only part of a ReadProcessMemory or WriteProcessMemory request was completed. (0x12B)
[0414/173411.500:ERROR:process_memory_win.cc(73)] ReadMemory at 0x14b8e344660 of 60 bytes failed: Only part of a ReadProcessMemory or WriteProcessMemory request was completed. (0x12B)
[0414/173411.500:ERROR:process_memory_win.cc(73)] ReadMemory at 0x14b8e3446b0 of 64 bytes failed: Only part of a ReadProcessMemory or WriteProcessMemory request was completed. (0x12B)
[0414/173411.500:ERROR:process_memory_win.cc(73)] ReadMemory at 0x14b8e344700 of 62 bytes failed: Only part of a ReadProcessMemory or WriteProcessMemory request was completed. (0x12B)
[0414/173411.500:ERROR:process_memory_win.cc(73)] ReadMemory at 0x14b8e3447f0 of 60 bytes failed: Only part of a ReadProcessMemory or WriteProcessMemory request was completed. (0x12B)
[0414/173411.500:ERROR:process_memory_win.cc(73)] ReadMemory at 0x14b8e344840 of 66 bytes failed: Only part of a ReadProcessMemory or WriteProcessMemory request was completed. (0x12B)
[0414/173411.500:ERROR:process_memory_win.cc(73)] ReadMemory at 0x14b8e344930 of 60 bytes failed: Only part of a ReadProcessMemory or WriteProcessMemory request was completed. (0x12B)
[0414/173411.501:ERROR:process_memory_win.cc(73)] ReadMemory at 0x14b8e344980 of 62 bytes failed: Only part of a ReadProcessMemory or WriteProcessMemory request was completed. (0x12B)
[0414/173411.501:ERROR:process_memory_win.cc(73)] ReadMemory at 0x14b8e344a20 of 62 bytes failed: Only part of a ReadProcessMemory or WriteProcessMemory request was completed. (0x12B)
[0414/173411.501:ERROR:process_memory_win.cc(73)] ReadMemory at 0x14b8e344b10 of 60 bytes failed: Only part of a ReadProcessMemory or WriteProcessMemory request was completed. (0x12B)
[0414/173411.501:ERROR:process_memory_win.cc(73)] ReadMemory at 0x14b8e344b60 of 58 bytes failed: Only part of a ReadProcessMemory or WriteProcessMemory request was completed. (0x12B)
[0414/173411.501:ERROR:process_memory_win.cc(73)] ReadMemory at 0x14b8e344bb0 of 64 bytes failed: Only part of a ReadProcessMemory or WriteProcessMemory request was completed. (0x12B)
[0414/173411.501:ERROR:process_memory_win.cc(73)] ReadMemory at 0x14b8e344ca0 of 64 bytes failed: Only part of a ReadProcessMemory or WriteProcessMemory request was completed. (0x12B)
[0414/173411.501:ERROR:process_memory_win.cc(73)] ReadMemory at 0x14b8e345d70 of 132 bytes failed: Only part of a ReadProcessMemory or WriteProcessMemory request was completed. (0x12B)
[0414/173411.501:ERROR:process_memory_win.cc(73)] ReadMemory at 0x14b8e345ea0 of 132 bytes failed: Only part of a ReadProcessMemory or WriteProcessMemory request was completed. (0x12B)
[0414/173411.501:ERROR:process_memory_win.cc(73)] ReadMemory at 0x14b8e345fd0 of 132 bytes failed: Only part of a ReadProcessMemory or WriteProcessMemory request was completed. (0x12B)
[0414/173411.501:ERROR:process_memory_win.cc(73)] ReadMemory at 0x14b8e346100 of 132 bytes failed: Only part of a ReadProcessMemory or WriteProcessMemory request was completed. (0x12B)
[0414/173411.501:ERROR:process_memory_win.cc(73)] ReadMemory at 0x14b8e346230 of 132 bytes failed: Only part of a ReadProcessMemory or WriteProcessMemory request was completed. (0x12B)
[0414/173411.501:ERROR:process_memory_win.cc(73)] ReadMemory at 0x14b8e346360 of 132 bytes failed: Only part of a ReadProcessMemory or WriteProcessMemory request was completed. (0x12B)
[0414/173411.501:ERROR:process_memory_win.cc(73)] ReadMemory at 0x14b8e346490 of 132 bytes failed: Only part of a ReadProcessMemory or WriteProcessMemory request was completed. (0x12B)
[0414/173411.501:ERROR:process_memory_win.cc(73)] ReadMemory at 0x14b8e3465c0 of 132 bytes failed: Only part of a ReadProcessMemory or WriteProcessMemory request was completed. (0x12B)
[0414/173411.501:ERROR:process_memory_win.cc(73)] ReadMemory at 0x14b8e3466f0 of 132 bytes failed: Only part of a ReadProcessMemory or WriteProcessMemory request was completed. (0x12B)
[0414/173411.501:ERROR:process_memory_win.cc(73)] ReadMemory at 0x14b8e346820 of 132 bytes failed: Only part of a ReadProcessMemory or WriteProcessMemory request was completed. (0x12B)
[0414/173411.501:ERROR:process_memory_win.cc(73)] ReadMemory at 0x14b8e346950 of 132 bytes failed: Only part of a ReadProcessMemory or WriteProcessMemory request was completed. (0x12B)
[0414/173411.501:ERROR:process_memory_win.cc(73)] ReadMemory at 0x14b8e346a80 of 132 bytes failed: Only part of a ReadProcessMemory or WriteProcessMemory request was completed. (0x12B)
[0414/173411.502:ERROR:process_memory_win.cc(73)] ReadMemory at 0x14b8e347ad0 of 132 bytes failed: Only part of a ReadProcessMemory or WriteProcessMemory request was completed. (0x12B)
[0414/173411.502:ERROR:process_memory_win.cc(73)] ReadMemory at 0x14b8e349320 of 132 bytes failed: Only part of a ReadProcessMemory or WriteProcessMemory request was completed. (0x12B)
[0414/173411.502:ERROR:process_memory_win.cc(73)] ReadMemory at 0x14b8e349580 of 132 bytes failed: Only part of a ReadProcessMemory or WriteProcessMemory request was completed. (0x12B)
[0414/173411.502:ERROR:process_memory_win.cc(73)] ReadMemory at 0x14b8e3497e0 of 132 bytes failed: Only part of a ReadProcessMemory or WriteProcessMemory request was completed. (0x12B)
[0414/173411.502:ERROR:process_memory_win.cc(73)] ReadMemory at 0x14b8e349910 of 132 bytes failed: Only part of a ReadProcessMemory or WriteProcessMemory request was completed. (0x12B)
[0414/173411.502:ERROR:process_memory_win.cc(73)] ReadMemory at 0x14b8e349a40 of 132 bytes failed: Only part of a ReadProcessMemory or WriteProcessMemory request was completed. (0x12B)
[0414/173411.502:ERROR:process_memory_win.cc(73)] ReadMemory at 0x14b8e349dd0 of 132 bytes failed: Only part of a ReadProcessMemory or WriteProcessMemory request was completed. (0x12B)
[0414/173411.502:ERROR:process_memory_win.cc(73)] ReadMemory at 0x14b8e34a160 of 132 bytes failed: Only part of a ReadProcessMemory or WriteProcessMemory request was completed. (0x12B)
[0414/173411.502:ERROR:process_memory_win.cc(73)] ReadMemory at 0x14b8e34a290 of 132 bytes failed: Only part of a ReadProcessMemory or WriteProcessMemory request was completed. (0x12B)
[0414/173411.502:ERROR:process_memory_win.cc(73)] ReadMemory at 0x14b8e34a880 of 132 bytes failed: Only part of a ReadProcessMemory or WriteProcessMemory request was completed. (0x12B)
[0414/173411.502:ERROR:process_memory_win.cc(73)] ReadMemory at 0x14b8e34ad40 of 132 bytes failed: Only part of a ReadProcessMemory or WriteProcessMemory request was completed. (0x12B)
[0414/173411.502:ERROR:process_memory_win.cc(73)] ReadMemory at 0x14b8e34e9a0 of 132 bytes failed: Only part of a ReadProcessMemory or WriteProcessMemory request was completed. (0x12B)
[0414/173411.502:ERROR:process_memory_win.cc(73)] ReadMemory at 0x7ffeeef30000 of 384 bytes failed: Only part of a ReadProcessMemory or WriteProcessMemory request was completed. (0x12B)
[0414/173411.502:ERROR:process_memory_win.cc(73)] ReadMemory at 0x7ffeef627ba8 of 512 bytes failed: Only part of a ReadProcessMemory or WriteProcessMemory request was completed. (0x12B)
[0414/173411.502:ERROR:process_memory_win.cc(73)] ReadMemory at 0x7ffef52c40b4 of 512 bytes failed: Only part of a ReadProcessMemory or WriteProcessMemory request was completed. (0x12B)
[0414/173411.502:ERROR:process_memory_win.cc(73)] ReadMemory at 0x7fff3fbfb6d0 of 512 bytes failed: Only part of a ReadProcessMemory or WriteProcessMemory request was completed. (0x12B)
[0414/173411.503:ERROR:process_memory_win.cc(73)] ReadMemory at 0x7fff4230c510 of 512 bytes failed: Only part of a ReadProcessMemory or WriteProcessMemory request was completed. (0x12B)
[0414/173411.503:ERROR:process_memory_win.cc(73)] ReadMemory at 0x7fff4231c6c4 of 512 bytes failed: Only part of a ReadProcessMemory or WriteProcessMemory request was completed. (0x12B)
[0414/173411.503:ERROR:process_memory_win.cc(73)] ReadMemory at 0x7fff423ac428 of 18 bytes failed: Only part of a ReadProcessMemory or WriteProcessMemory request was completed. (0x12B)
[0414/173411.503:ERROR:process_memory_win.cc(73)] ReadMemory at 0x7fff423df4f8 of 40 bytes failed: Only part of a ReadProcessMemory or WriteProcessMemory request was completed. (0x12B)
[0414/173411.503:ERROR:process_memory_win.cc(73)] ReadMemory at 0x7fff423df978 of 48 bytes failed: Only part of a ReadProcessMemory or WriteProcessMemory request was completed. (0x12B)
[0414/173411.503:ERROR:process_memory_win.cc(73)] ReadMemory at 0x7fff423e53c0 of 64 bytes failed: Only part of a ReadProcessMemory or WriteProcessMemory request was completed. (0x12B)
[0414/173411.504:ERROR:scoped_process_suspend.cc(40)] NtResumeProcess: An attempt was made to access an exiting process. (0xc000010a)
[0414/173849.383:ERROR:process_reader_win.cc(151)] SuspendThread: Access is denied. (0x5)
[0414/173849.384:ERROR:process_reader_win.cc(151)] SuspendThread: Access is denied. (0x5)
[0414/174217.561:ERROR:process_reader_win.cc(151)] SuspendThread: Access is denied. (0x5)
